/home/zhenhuanliu/anaconda3/envs/nerf_pl/bin/python /home/zhenhuanliu/Desktop/nerf_pl_forked/train.py --dataset_name blender --root_dir ./datasets/nerf_synthetic/lego --N_importance 64 --img_wh 400 400 --noise_std 0 --num_epochs 16 --batch_size 2048 --optimizer adam --lr 5e-4 --lr_scheduler steplr --decay_step 2 4 8 --num_gpus 2 --decay_gamma 0.5 --exp_name exp_chroma_lego 
Console output is saving to: /home/zhenhuanliu/Desktop/nerf_pl_forked
2023-03-06 00:21:53.020083
cuda available:True
/home/zhenhuanliu/Desktop/nerf_pl_forked/models/nerf.py:189: UserWarning: caution. use default chroma code, i.e. zeros.
  warnings.warn('caution. use default chroma code, i.e. zeros.')
INFO:lightning:GPU available: True, used: True
INFO:lightning:CUDA_VISIBLE_DEVICES: [0,1]
blender dataset initialized
WARNING:lightning:SLURM_NODEID or NODE_RANK environment variable is not defined. Set as 0.
WARNING:lightning:MASTER_ADDR environment variable is not defined. Set as localhost
WARNING:lightning:SLURM_NODEID or NODE_RANK environment variable is not defined. Set as 0.
WARNING:lightning:MASTER_ADDR environment variable is not defined. Set as localhost
Epoch 1: 100%|█████████▉| 3907/3911 [48:05<00:02,  1.35it/s, loss=0.125, train_psnr=23.4, v_num=55]
Validating: 0it [00:00, ?it/s]
Epoch 1: 100%|█████████▉| 3908/3911 [48:35<00:02,  1.34it/s, loss=0.125, train_psnr=23.4, v_num=55]
Epoch 1: 100%|█████████▉| 3909/3911 [49:04<00:01,  1.33it/s, loss=0.125, train_psnr=23.4, v_num=55]
Epoch 1: 100%|█████████▉| 3910/3911 [49:32<00:00,  1.32it/s, loss=0.125, train_psnr=23.4, v_num=55]
Epoch 1: 100%|██████████| 3911/3911 [50:01<00:00,  1.30it/s, loss=0.125, train_psnr=23.4, v_num=55, val_loss=0.119, val_psnr=23.8]
Epoch 2: 100%|█████████▉| 3907/3911 [47:47<00:02,  1.36it/s, loss=0.126, train_psnr=26, v_num=55, val_loss=0.119, val_psnr=23.8]  
Validating: 0it [00:00, ?it/s]
Epoch 2: 100%|█████████▉| 3908/3911 [48:16<00:02,  1.35it/s, loss=0.126, train_psnr=26, v_num=55, val_loss=0.119, val_psnr=23.8]
Epoch 2: 100%|█████████▉| 3909/3911 [48:44<00:01,  1.34it/s, loss=0.126, train_psnr=26, v_num=55, val_loss=0.119, val_psnr=23.8]
Epoch 2: 100%|█████████▉| 3910/3911 [49:13<00:00,  1.32it/s, loss=0.126, train_psnr=26, v_num=55, val_loss=0.119, val_psnr=23.8]
Epoch 2: 100%|██████████| 3911/3911 [49:42<00:00,  1.31it/s, loss=0.126, train_psnr=26, v_num=55, val_loss=0.119, val_psnr=24.3]
Epoch 3: 100%|█████████▉| 3907/3911 [47:45<00:02,  1.36it/s, loss=0.123, train_psnr=24.1, v_num=55, val_loss=0.119, val_psnr=24.3]
Validating: 0it [00:00, ?it/s]
Epoch 3: 100%|█████████▉| 3908/3911 [48:15<00:02,  1.35it/s, loss=0.123, train_psnr=24.1, v_num=55, val_loss=0.119, val_psnr=24.3]
Epoch 3: 100%|█████████▉| 3909/3911 [48:43<00:01,  1.34it/s, loss=0.123, train_psnr=24.1, v_num=55, val_loss=0.119, val_psnr=24.3]
Epoch 3: 100%|█████████▉| 3910/3911 [49:13<00:00,  1.32it/s, loss=0.123, train_psnr=24.1, v_num=55, val_loss=0.119, val_psnr=24.3]
Epoch 3: 100%|██████████| 3911/3911 [49:42<00:00,  1.31it/s, loss=0.123, train_psnr=24.1, v_num=55, val_loss=0.118, val_psnr=24.9]
Epoch 4: 100%|█████████▉| 3907/3911 [47:43<00:02,  1.36it/s, loss=0.125, train_psnr=23.3, v_num=55, val_loss=0.118, val_psnr=24.9]
Validating: 0it [00:00, ?it/s]
Epoch 4: 100%|█████████▉| 3908/3911 [48:14<00:02,  1.35it/s, loss=0.125, train_psnr=23.3, v_num=55, val_loss=0.118, val_psnr=24.9]
Epoch 4: 100%|█████████▉| 3909/3911 [48:43<00:01,  1.34it/s, loss=0.125, train_psnr=23.3, v_num=55, val_loss=0.118, val_psnr=24.9]
Epoch 4: 100%|█████████▉| 3910/3911 [49:13<00:00,  1.32it/s, loss=0.125, train_psnr=23.3, v_num=55, val_loss=0.118, val_psnr=24.9]
Epoch 4: 100%|██████████| 3911/3911 [49:42<00:00,  1.31it/s, loss=0.124, train_psnr=23.3, v_num=55, val_loss=0.118, val_psnr=25.4]
Epoch 5: 100%|█████████▉| 3907/3911 [47:43<00:02,  1.36it/s, loss=0.124, train_psnr=25.4, v_num=55, val_loss=0.118, val_psnr=25.4]
Validating: 0it [00:00, ?it/s]
Epoch 5: 100%|█████████▉| 3908/3911 [48:12<00:02,  1.35it/s, loss=0.124, train_psnr=25.4, v_num=55, val_loss=0.118, val_psnr=25.4]
Epoch 5: 100%|█████████▉| 3909/3911 [48:40<00:01,  1.34it/s, loss=0.124, train_psnr=25.4, v_num=55, val_loss=0.118, val_psnr=25.4]
Epoch 5: 100%|█████████▉| 3910/3911 [49:09<00:00,  1.33it/s, loss=0.124, train_psnr=25.4, v_num=55, val_loss=0.118, val_psnr=25.4]
Epoch 5: 100%|██████████| 3911/3911 [49:37<00:00,  1.31it/s, loss=0.124, train_psnr=25.4, v_num=55, val_loss=0.118, val_psnr=25.7]
Epoch 6: 100%|█████████▉| 3907/3911 [47:44<00:02,  1.36it/s, loss=0.121, train_psnr=25.8, v_num=55, val_loss=0.118, val_psnr=25.7]
Validating: 0it [00:00, ?it/s]
Epoch 6: 100%|█████████▉| 3908/3911 [48:13<00:02,  1.35it/s, loss=0.121, train_psnr=25.8, v_num=55, val_loss=0.118, val_psnr=25.7]
Epoch 6: 100%|█████████▉| 3909/3911 [48:42<00:01,  1.34it/s, loss=0.121, train_psnr=25.8, v_num=55, val_loss=0.118, val_psnr=25.7]
Epoch 6: 100%|█████████▉| 3910/3911 [49:10<00:00,  1.33it/s, loss=0.121, train_psnr=25.8, v_num=55, val_loss=0.118, val_psnr=25.7]
Epoch 6: 100%|██████████| 3911/3911 [49:40<00:00,  1.31it/s, loss=0.121, train_psnr=25.8, v_num=55, val_loss=0.118, val_psnr=25.8]
Epoch 7: 100%|█████████▉| 3907/3911 [47:43<00:02,  1.36it/s, loss=0.124, train_psnr=27.3, v_num=55, val_loss=0.118, val_psnr=25.8]
Validating: 0it [00:00, ?it/s]
Epoch 7: 100%|█████████▉| 3908/3911 [48:12<00:02,  1.35it/s, loss=0.124, train_psnr=27.3, v_num=55, val_loss=0.118, val_psnr=25.8]
Epoch 7: 100%|█████████▉| 3909/3911 [48:40<00:01,  1.34it/s, loss=0.124, train_psnr=27.3, v_num=55, val_loss=0.118, val_psnr=25.8]
Epoch 7: 100%|█████████▉| 3910/3911 [49:08<00:00,  1.33it/s, loss=0.124, train_psnr=27.3, v_num=55, val_loss=0.118, val_psnr=25.8]
Epoch 7: 100%|██████████| 3911/3911 [49:37<00:00,  1.31it/s, loss=0.124, train_psnr=27.3, v_num=55, val_loss=0.118, val_psnr=25.9]
Epoch 8: 100%|█████████▉| 3907/3911 [47:47<00:02,  1.36it/s, loss=0.124, train_psnr=26.5, v_num=55, val_loss=0.118, val_psnr=25.9]
Validating: 0it [00:00, ?it/s]
Epoch 8: 100%|█████████▉| 3908/3911 [48:18<00:02,  1.35it/s, loss=0.124, train_psnr=26.5, v_num=55, val_loss=0.118, val_psnr=25.9]
Epoch 8: 100%|█████████▉| 3909/3911 [48:47<00:01,  1.34it/s, loss=0.124, train_psnr=26.5, v_num=55, val_loss=0.118, val_psnr=25.9]
Epoch 8: 100%|█████████▉| 3910/3911 [49:15<00:00,  1.32it/s, loss=0.124, train_psnr=26.5, v_num=55, val_loss=0.118, val_psnr=25.9]
Epoch 8: 100%|██████████| 3911/3911 [49:44<00:00,  1.31it/s, loss=0.124, train_psnr=26.5, v_num=55, val_loss=0.118, val_psnr=26]  
Epoch 9: 100%|█████████▉| 3907/3911 [47:44<00:02,  1.36it/s, loss=0.124, train_psnr=26.1, v_num=55, val_loss=0.118, val_psnr=26]
Validating: 0it [00:00, ?it/s]
Epoch 9: 100%|█████████▉| 3908/3911 [48:14<00:02,  1.35it/s, loss=0.124, train_psnr=26.1, v_num=55, val_loss=0.118, val_psnr=26]
Epoch 9: 100%|█████████▉| 3909/3911 [48:42<00:01,  1.34it/s, loss=0.124, train_psnr=26.1, v_num=55, val_loss=0.118, val_psnr=26]
Epoch 9: 100%|█████████▉| 3910/3911 [49:11<00:00,  1.32it/s, loss=0.124, train_psnr=26.1, v_num=55, val_loss=0.118, val_psnr=26]
Epoch 9: 100%|██████████| 3911/3911 [49:39<00:00,  1.31it/s, loss=0.124, train_psnr=26.1, v_num=55, val_loss=0.118, val_psnr=26.2]
Epoch 10: 100%|█████████▉| 3907/3911 [47:44<00:02,  1.36it/s, loss=0.125, train_psnr=27.4, v_num=55, val_loss=0.118, val_psnr=26.2]
Validating: 0it [00:00, ?it/s]
Epoch 10: 100%|█████████▉| 3908/3911 [48:14<00:02,  1.35it/s, loss=0.125, train_psnr=27.4, v_num=55, val_loss=0.118, val_psnr=26.2]
Epoch 10: 100%|█████████▉| 3909/3911 [48:42<00:01,  1.34it/s, loss=0.125, train_psnr=27.4, v_num=55, val_loss=0.118, val_psnr=26.2]
Epoch 10: 100%|█████████▉| 3910/3911 [49:11<00:00,  1.32it/s, loss=0.125, train_psnr=27.4, v_num=55, val_loss=0.118, val_psnr=26.2]
Epoch 10: 100%|██████████| 3911/3911 [49:39<00:00,  1.31it/s, loss=0.125, train_psnr=27.4, v_num=55, val_loss=0.118, val_psnr=26.2]
Epoch 11: 100%|█████████▉| 3907/3911 [48:00<00:02,  1.36it/s, loss=0.122, train_psnr=26.5, v_num=55, val_loss=0.118, val_psnr=26.2]
Validating: 0it [00:00, ?it/s]
Epoch 11: 100%|█████████▉| 3908/3911 [48:29<00:02,  1.34it/s, loss=0.122, train_psnr=26.5, v_num=55, val_loss=0.118, val_psnr=26.2]
Epoch 11: 100%|█████████▉| 3909/3911 [48:58<00:01,  1.33it/s, loss=0.122, train_psnr=26.5, v_num=55, val_loss=0.118, val_psnr=26.2]
Epoch 11: 100%|█████████▉| 3910/3911 [49:26<00:00,  1.32it/s, loss=0.122, train_psnr=26.5, v_num=55, val_loss=0.118, val_psnr=26.2]
Epoch 11: 100%|██████████| 3911/3911 [49:55<00:00,  1.31it/s, loss=0.122, train_psnr=26.5, v_num=55, val_loss=0.117, val_psnr=26.3]
Epoch 12: 100%|█████████▉| 3907/3911 [47:50<00:02,  1.36it/s, loss=0.122, train_psnr=25.9, v_num=55, val_loss=0.117, val_psnr=26.3]
Validating: 0it [00:00, ?it/s]
Epoch 12: 100%|█████████▉| 3908/3911 [48:21<00:02,  1.35it/s, loss=0.122, train_psnr=25.9, v_num=55, val_loss=0.117, val_psnr=26.3]
Epoch 12: 100%|█████████▉| 3909/3911 [48:49<00:01,  1.33it/s, loss=0.122, train_psnr=25.9, v_num=55, val_loss=0.117, val_psnr=26.3]
Epoch 12: 100%|█████████▉| 3910/3911 [49:18<00:00,  1.32it/s, loss=0.122, train_psnr=25.9, v_num=55, val_loss=0.117, val_psnr=26.3]
Epoch 12: 100%|██████████| 3911/3911 [49:46<00:00,  1.31it/s, loss=0.122, train_psnr=25.9, v_num=55, val_loss=0.117, val_psnr=26.4]
