/home/zhenhuanliu/anaconda3/envs/nerf_pl/bin/python /home/zhenhuanliu/Desktop/nerf_pl_forked/train.py --dataset_name blender --root_dir ./datasets/nerf_synthetic/lego --N_importance 64 --img_wh 400 400 --noise_std 0 --num_epochs 16 --batch_size 4096 --optimizer adam --lr 5e-4 --lr_scheduler steplr --decay_step 2 4 8 --num_gpus 2 --decay_gamma 0.5 --exp_name exp_lego 
Console output is saving to: /home/zhenhuanliu/Desktop/nerf_pl_forked
2023-03-05 13:44:36.189795
cuda available:True
INFO:lightning:GPU available: True, used: True
INFO:lightning:CUDA_VISIBLE_DEVICES: [0,1]
WARNING:lightning:SLURM_NODEID or NODE_RANK environment variable is not defined. Set as 0.
WARNING:lightning:MASTER_ADDR environment variable is not defined. Set as localhost
WARNING:lightning:SLURM_NODEID or NODE_RANK environment variable is not defined. Set as 0.
WARNING:lightning:MASTER_ADDR environment variable is not defined. Set as localhost
Epoch 1: 100%|█████████▉| 1954/1958 [35:36<00:04,  1.09s/it, loss=0.010, train_psnr=23.8, v_num=2]
Validating: 0it [00:00, ?it/s]
Epoch 1: 100%|█████████▉| 1955/1958 [35:57<00:03,  1.10s/it, loss=0.010, train_psnr=23.8, v_num=2]
Epoch 1: 100%|█████████▉| 1956/1958 [36:17<00:02,  1.11s/it, loss=0.010, train_psnr=23.8, v_num=2]
Epoch 1: 100%|█████████▉| 1957/1958 [36:37<00:01,  1.12s/it, loss=0.010, train_psnr=23.8, v_num=2]
Epoch 1: 100%|██████████| 1958/1958 [36:56<00:00,  1.13s/it, loss=0.010, train_psnr=23.8, v_num=2, val_loss=0.00923, val_psnr=24.4]
Epoch 2: 100%|█████████▉| 1954/1958 [35:53<00:04,  1.10s/it, loss=0.007, train_psnr=26.9, v_num=2, val_loss=0.00923, val_psnr=24.4]
Validating: 0it [00:00, ?it/s]
Epoch 2: 100%|█████████▉| 1955/1958 [36:14<00:03,  1.11s/it, loss=0.007, train_psnr=26.9, v_num=2, val_loss=0.00923, val_psnr=24.4]
Epoch 2: 100%|█████████▉| 1956/1958 [36:34<00:02,  1.12s/it, loss=0.007, train_psnr=26.9, v_num=2, val_loss=0.00923, val_psnr=24.4]
Epoch 2: 100%|█████████▉| 1957/1958 [36:54<00:01,  1.13s/it, loss=0.007, train_psnr=26.9, v_num=2, val_loss=0.00923, val_psnr=24.4]
Epoch 2: 100%|██████████| 1958/1958 [37:16<00:00,  1.14s/it, loss=0.007, train_psnr=26.9, v_num=2, val_loss=0.00756, val_psnr=25.6]
Epoch 3: 100%|█████████▉| 1954/1958 [36:30<00:04,  1.12s/it, loss=0.007, train_psnr=26.1, v_num=2, val_loss=0.00756, val_psnr=25.6]
Validating: 0it [00:00, ?it/s]
Epoch 3: 100%|█████████▉| 1955/1958 [36:51<00:03,  1.13s/it, loss=0.007, train_psnr=26.1, v_num=2, val_loss=0.00756, val_psnr=25.6]
Epoch 3: 100%|█████████▉| 1956/1958 [37:10<00:02,  1.14s/it, loss=0.007, train_psnr=26.1, v_num=2, val_loss=0.00756, val_psnr=25.6]
Epoch 3: 100%|█████████▉| 1957/1958 [37:30<00:01,  1.15s/it, loss=0.007, train_psnr=26.1, v_num=2, val_loss=0.00756, val_psnr=25.6]
Epoch 3: 100%|██████████| 1958/1958 [37:50<00:00,  1.16s/it, loss=0.007, train_psnr=26.1, v_num=2, val_loss=0.0064, val_psnr=26.8] 
Epoch 4: 100%|█████████▉| 1954/1958 [35:41<00:04,  1.10s/it, loss=0.007, train_psnr=26.5, v_num=2, val_loss=0.0064, val_psnr=26.8]
Validating: 0it [00:00, ?it/s]
Epoch 4: 100%|█████████▉| 1955/1958 [36:02<00:03,  1.11s/it, loss=0.007, train_psnr=26.5, v_num=2, val_loss=0.0064, val_psnr=26.8]
Epoch 4: 100%|█████████▉| 1956/1958 [36:21<00:02,  1.12s/it, loss=0.007, train_psnr=26.5, v_num=2, val_loss=0.0064, val_psnr=26.8]
Epoch 4: 100%|█████████▉| 1957/1958 [36:41<00:01,  1.12s/it, loss=0.007, train_psnr=26.5, v_num=2, val_loss=0.0064, val_psnr=26.8]
Epoch 4: 100%|██████████| 1958/1958 [37:00<00:00,  1.13s/it, loss=0.007, train_psnr=26.5, v_num=2, val_loss=0.0062, val_psnr=27]  
Epoch 5: 100%|█████████▉| 1954/1958 [33:42<00:04,  1.03s/it, loss=0.006, train_psnr=27.5, v_num=2, val_loss=0.0062, val_psnr=27]
Validating: 0it [00:00, ?it/s]
Epoch 5: 100%|█████████▉| 1955/1958 [34:02<00:03,  1.04s/it, loss=0.006, train_psnr=27.5, v_num=2, val_loss=0.0062, val_psnr=27]
Epoch 5: 100%|█████████▉| 1956/1958 [34:21<00:02,  1.05s/it, loss=0.006, train_psnr=27.5, v_num=2, val_loss=0.0062, val_psnr=27]
Epoch 5: 100%|█████████▉| 1957/1958 [34:40<00:01,  1.06s/it, loss=0.006, train_psnr=27.5, v_num=2, val_loss=0.0062, val_psnr=27]
Epoch 5: 100%|██████████| 1958/1958 [35:00<00:00,  1.07s/it, loss=0.006, train_psnr=27.5, v_num=2, val_loss=0.0059, val_psnr=27.4]
Epoch 6: 100%|█████████▉| 1954/1958 [33:41<00:04,  1.03s/it, loss=0.006, train_psnr=28, v_num=2, val_loss=0.0059, val_psnr=27.4]  
Validating: 0it [00:00, ?it/s]
Epoch 6: 100%|█████████▉| 1955/1958 [34:01<00:03,  1.04s/it, loss=0.006, train_psnr=28, v_num=2, val_loss=0.0059, val_psnr=27.4]
Epoch 6: 100%|█████████▉| 1956/1958 [34:21<00:02,  1.05s/it, loss=0.006, train_psnr=28, v_num=2, val_loss=0.0059, val_psnr=27.4]
Epoch 6: 100%|█████████▉| 1957/1958 [34:40<00:01,  1.06s/it, loss=0.006, train_psnr=28, v_num=2, val_loss=0.0059, val_psnr=27.4]
Epoch 6: 100%|██████████| 1958/1958 [35:00<00:00,  1.07s/it, loss=0.006, train_psnr=28, v_num=2, val_loss=0.00568, val_psnr=27.6]
Epoch 7: 100%|█████████▉| 1954/1958 [36:33<00:04,  1.12s/it, loss=0.006, train_psnr=28.4, v_num=2, val_loss=0.00568, val_psnr=27.6]
Validating: 0it [00:00, ?it/s]
Epoch 7: 100%|█████████▉| 1955/1958 [36:58<00:03,  1.13s/it, loss=0.006, train_psnr=28.4, v_num=2, val_loss=0.00568, val_psnr=27.6]
Epoch 7: 100%|█████████▉| 1956/1958 [37:21<00:02,  1.15s/it, loss=0.006, train_psnr=28.4, v_num=2, val_loss=0.00568, val_psnr=27.6]
Epoch 7: 100%|█████████▉| 1957/1958 [37:46<00:01,  1.16s/it, loss=0.006, train_psnr=28.4, v_num=2, val_loss=0.00568, val_psnr=27.6]
Epoch 7: 100%|██████████| 1958/1958 [38:09<00:00,  1.17s/it, loss=0.006, train_psnr=28.4, v_num=2, val_loss=0.00566, val_psnr=27.7]
Epoch 8: 100%|█████████▉| 1954/1958 [39:45<00:04,  1.22s/it, loss=0.006, train_psnr=27.5, v_num=2, val_loss=0.00566, val_psnr=27.7]
Validating: 0it [00:00, ?it/s]
Epoch 8: 100%|█████████▉| 1955/1958 [40:18<00:03,  1.24s/it, loss=0.006, train_psnr=27.5, v_num=2, val_loss=0.00566, val_psnr=27.7]
Epoch 8: 100%|█████████▉| 1956/1958 [40:45<00:02,  1.25s/it, loss=0.006, train_psnr=27.5, v_num=2, val_loss=0.00566, val_psnr=27.7]
Epoch 8: 100%|█████████▉| 1957/1958 [41:12<00:01,  1.26s/it, loss=0.006, train_psnr=27.5, v_num=2, val_loss=0.00566, val_psnr=27.7]
Epoch 8: 100%|██████████| 1958/1958 [41:42<00:00,  1.28s/it, loss=0.006, train_psnr=27.5, v_num=2, val_loss=0.00548, val_psnr=27.8]
Epoch 9:  93%|█████████▎| 1820/1958 [38:57<02:57,  1.28s/it, loss=0.005, train_psnr=28, v_num=2, val_loss=0.00548, val_psnr=27.8]  
